mode: atomic
github.com/kaatinga/plantbook/internal/config/cfg.go:52.40,54.16 2 3
github.com/kaatinga/plantbook/internal/config/cfg.go:57.2,57.21 1 2
github.com/kaatinga/plantbook/internal/config/cfg.go:61.2,61.26 1 2
github.com/kaatinga/plantbook/internal/config/cfg.go:64.2,64.26 1 2
github.com/kaatinga/plantbook/internal/config/cfg.go:67.2,67.27 1 2
github.com/kaatinga/plantbook/internal/config/cfg.go:70.2,70.22 1 2
github.com/kaatinga/plantbook/internal/config/cfg.go:73.2,73.26 1 2
github.com/kaatinga/plantbook/internal/config/cfg.go:76.2,76.27 1 2
github.com/kaatinga/plantbook/internal/config/cfg.go:79.2,79.12 1 2
github.com/kaatinga/plantbook/internal/config/cfg.go:54.16,56.3 1 1
github.com/kaatinga/plantbook/internal/config/cfg.go:57.21,59.3 1 0
github.com/kaatinga/plantbook/internal/config/cfg.go:61.26,63.3 1 1
github.com/kaatinga/plantbook/internal/config/cfg.go:64.26,66.3 1 0
github.com/kaatinga/plantbook/internal/config/cfg.go:67.27,69.3 1 2
github.com/kaatinga/plantbook/internal/config/cfg.go:70.22,72.3 1 2
github.com/kaatinga/plantbook/internal/config/cfg.go:73.26,75.3 1 2
github.com/kaatinga/plantbook/internal/config/cfg.go:76.27,78.3 1 2
github.com/kaatinga/plantbook/pkg/token/token_jwt.go:29.52,31.2 1 0
github.com/kaatinga/plantbook/pkg/token/token_jwt.go:33.104,42.2 8 2
github.com/kaatinga/plantbook/pkg/token/token_jwt.go:44.81,45.82 1 2
github.com/kaatinga/plantbook/pkg/token/token_jwt.go:52.2,52.16 1 2
github.com/kaatinga/plantbook/pkg/token/token_jwt.go:55.2,55.67 1 1
github.com/kaatinga/plantbook/pkg/token/token_jwt.go:68.2,68.46 1 0
github.com/kaatinga/plantbook/pkg/token/token_jwt.go:45.82,47.58 1 2
github.com/kaatinga/plantbook/pkg/token/token_jwt.go:50.3,50.24 1 2
github.com/kaatinga/plantbook/pkg/token/token_jwt.go:47.58,49.4 1 0
github.com/kaatinga/plantbook/pkg/token/token_jwt.go:52.16,54.3 1 1
github.com/kaatinga/plantbook/pkg/token/token_jwt.go:55.67,58.10 2 1
github.com/kaatinga/plantbook/pkg/token/token_jwt.go:66.3,66.19 1 1
github.com/kaatinga/plantbook/pkg/token/token_jwt.go:58.10,60.4 1 0
github.com/kaatinga/plantbook/pkg/token/token_jwt.go:71.111,72.81 1 2
github.com/kaatinga/plantbook/pkg/token/token_jwt.go:79.2,79.15 1 2
github.com/kaatinga/plantbook/pkg/token/token_jwt.go:83.2,83.18 1 1
github.com/kaatinga/plantbook/pkg/token/token_jwt.go:87.2,88.9 2 1
github.com/kaatinga/plantbook/pkg/token/token_jwt.go:94.2,95.9 2 1
github.com/kaatinga/plantbook/pkg/token/token_jwt.go:99.2,102.9 3 1
github.com/kaatinga/plantbook/pkg/token/token_jwt.go:107.2,108.9 2 1
github.com/kaatinga/plantbook/pkg/token/token_jwt.go:112.2,113.39 2 1
github.com/kaatinga/plantbook/pkg/token/token_jwt.go:72.81,74.58 1 2
github.com/kaatinga/plantbook/pkg/token/token_jwt.go:77.3,77.24 1 2
github.com/kaatinga/plantbook/pkg/token/token_jwt.go:74.58,76.4 1 0
github.com/kaatinga/plantbook/pkg/token/token_jwt.go:79.15,82.3 2 1
github.com/kaatinga/plantbook/pkg/token/token_jwt.go:83.18,86.3 2 0
github.com/kaatinga/plantbook/pkg/token/token_jwt.go:88.9,91.3 2 0
github.com/kaatinga/plantbook/pkg/token/token_jwt.go:95.9,98.3 2 0
github.com/kaatinga/plantbook/pkg/token/token_jwt.go:102.9,105.3 2 0
github.com/kaatinga/plantbook/pkg/token/token_jwt.go:108.9,111.3 2 0
github.com/kaatinga/plantbook/pkg/token/token_jwt.go:116.48,118.2 1 0
github.com/kaatinga/plantbook/internal/api/handlers/users/users.go:28.57,31.2 2 16
github.com/kaatinga/plantbook/internal/api/handlers/users/users.go:34.60,39.2 4 8
github.com/kaatinga/plantbook/internal/api/handlers/users/users.go:44.29,48.2 3 0
github.com/kaatinga/plantbook/internal/api/handlers/users/users_create.go:22.88,24.2 1 0
github.com/kaatinga/plantbook/internal/api/handlers/users/users_create.go:27.86,31.16 3 0
github.com/kaatinga/plantbook/internal/api/handlers/users/users_create.go:36.2,36.19 1 0
github.com/kaatinga/plantbook/internal/api/handlers/users/users_create.go:40.2,41.16 2 0
github.com/kaatinga/plantbook/internal/api/handlers/users/users_create.go:46.2,46.9 1 0
github.com/kaatinga/plantbook/internal/api/handlers/users/users_create.go:51.2,52.16 2 0
github.com/kaatinga/plantbook/internal/api/handlers/users/users_create.go:57.2,57.29 1 0
github.com/kaatinga/plantbook/internal/api/handlers/users/users_create.go:66.2,71.16 5 0
github.com/kaatinga/plantbook/internal/api/handlers/users/users_create.go:77.2,77.55 1 0
github.com/kaatinga/plantbook/internal/api/handlers/users/users_create.go:31.16,35.3 2 0
github.com/kaatinga/plantbook/internal/api/handlers/users/users_create.go:36.19,39.3 1 0
github.com/kaatinga/plantbook/internal/api/handlers/users/users_create.go:41.16,45.3 2 0
github.com/kaatinga/plantbook/internal/api/handlers/users/users_create.go:46.9,49.3 1 0
github.com/kaatinga/plantbook/internal/api/handlers/users/users_create.go:52.16,56.3 2 0
github.com/kaatinga/plantbook/internal/api/handlers/users/users_create.go:57.29,62.3 2 0
github.com/kaatinga/plantbook/internal/api/handlers/users/users_create.go:71.16,75.3 2 0
github.com/kaatinga/plantbook/internal/api/handlers/users/users_login.go:27.110,29.2 1 0
github.com/kaatinga/plantbook/internal/api/handlers/users/users_login.go:32.84,36.16 4 0
github.com/kaatinga/plantbook/internal/api/handlers/users/users_login.go:40.2,42.8 3 0
github.com/kaatinga/plantbook/internal/api/handlers/users/users_login.go:52.2,53.75 1 0
github.com/kaatinga/plantbook/internal/api/handlers/users/users_login.go:36.16,39.3 1 0
github.com/kaatinga/plantbook/internal/api/handlers/users/users_login.go:42.8,44.17 2 0
github.com/kaatinga/plantbook/internal/api/handlers/users/users_login.go:48.3,50.53 2 0
github.com/kaatinga/plantbook/internal/api/handlers/users/users_login.go:44.17,47.4 1 0
github.com/kaatinga/plantbook/internal/api/handlers/users/users_logout.go:17.74,19.2 1 0
github.com/kaatinga/plantbook/internal/api/handlers/users/users_logout.go:22.86,26.2 2 0
